<?xml version="1.0" encoding="UTF-8"?>
<testsuite name="com.shxnzxxn.book.springbootwebservice.controller.HelloControllerTest" tests="1" skipped="0" failures="0" errors="0" timestamp="2024-01-16T04:51:19" hostname="singyeongjun-igunaui-MacBookAir.local" time="0.562">
  <properties/>
  <testcase name="helloDto가_리턴된다" classname="com.shxnzxxn.book.springbootwebservice.controller.HelloControllerTest" time="0.562"/>
  <system-out><![CDATA[
  .   ____          _            __ _ _
 /\\ / ___'_ __ _ _(_)_ __  __ _ \ \ \ \
( ( )\___ | '_ | '_| | '_ \/ _` | \ \ \ \
 \\/  ___)| |_)| | | | | || (_| |  ) ) ) )
  '  |____| .__|_| |_|_| |_\__, | / / / /
 =========|_|==============|___/=/_/_/_/
 :: Spring Boot ::                (v3.2.1)

2024-01-16T13:51:18.384+09:00  INFO 11410 --- [    Test worker] c.s.b.s.controller.HelloControllerTest   : Starting HelloControllerTest using Java 17.0.7 with PID 11410 (started by singyeongjun in /Users/singyeongjun/Desktop/IdeaProjects/springboot-webservice)
2024-01-16T13:51:18.386+09:00  INFO 11410 --- [    Test worker] c.s.b.s.controller.HelloControllerTest   : No active profile set, falling back to 1 default profile: "default"
2024-01-16T13:51:19.158+09:00  WARN 11410 --- [    Test worker] o.s.b.a.m.MustacheAutoConfiguration      : Cannot find template location: classpath:/templates/ (please add some templates, check your Mustache configuration, or set spring.mustache.check-template-location=false)
2024-01-16T13:51:19.179+09:00  INFO 11410 --- [    Test worker] o.s.b.t.m.w.SpringBootMockServletContext : Initializing Spring TestDispatcherServlet ''
2024-01-16T13:51:19.179+09:00  INFO 11410 --- [    Test worker] o.s.t.web.servlet.TestDispatcherServlet  : Initializing Servlet ''
2024-01-16T13:51:19.181+09:00  INFO 11410 --- [    Test worker] o.s.t.web.servlet.TestDispatcherServlet  : Completed initialization in 1 ms
2024-01-16T13:51:19.200+09:00  INFO 11410 --- [    Test worker] c.s.b.s.controller.HelloControllerTest   : Started HelloControllerTest in 1.309 seconds (process running for 3.57)
]]></system-out>
  <system-err><![CDATA[]]></system-err>
</testsuite>
